<?xml version="1.0" encoding="UTF-8"?>
<testsuite xmlns:xsi="http://www.w3.org/2001/XMLSchema-instance" xsi:noNamespaceSchemaLocation="https://maven.apache.org/surefire/maven-surefire-plugin/xsd/surefire-test-report.xsd" version="3.0.2" name="TestSuite" time="3.765" tests="10" errors="0" skipped="2" failures="0">
  <properties>
    <property name="java.specification.version" value="21"/>
    <property name="sun.jnu.encoding" value="UTF-8"/>
    <property name="java.class.path" value="/Users/filla/mvn3/boot/plexus-classworlds-2.8.0.jar"/>
    <property name="java.vm.vendor" value="Microsoft"/>
    <property name="sun.arch.data.model" value="64"/>
    <property name="java.vendor.url" value="https://www.microsoft.com"/>
    <property name="user.timezone" value="Asia/Jakarta"/>
    <property name="maven.conf" value="/Users/filla/mvn3/conf"/>
    <property name="java.vm.specification.version" value="21"/>
    <property name="os.name" value="Mac OS X"/>
    <property name="sun.java.launcher" value="SUN_STANDARD"/>
    <property name="user.country" value="US"/>
    <property name="sun.boot.library.path" value="/Users/filla/jdk21/lib"/>
    <property name="sun.java.command" value="org.codehaus.plexus.classworlds.launcher.Launcher test"/>
    <property name="http.nonProxyHosts" value="local|*.local|169.254/16|*.169.254/16"/>
    <property name="jdk.debug" value="release"/>
    <property name="maven.home" value="/Users/filla/mvn3"/>
    <property name="surefire.test.class.path" value="/Users/filla/learn/testngprogram/target/test-classes:/Users/filla/learn/testngprogram/target/classes:/Users/filla/.m2/repository/org/testng/testng/7.11.0/testng-7.11.0.jar:/Users/filla/.m2/repository/org/slf4j/slf4j-api/2.0.16/slf4j-api-2.0.16.jar:/Users/filla/.m2/repository/org/jcommander/jcommander/1.83/jcommander-1.83.jar:/Users/filla/.m2/repository/org/webjars/jquery/3.7.1/jquery-3.7.1.jar:"/>
    <property name="sun.cpu.endian" value="little"/>
    <property name="user.home" value="/Users/filla"/>
    <property name="user.language" value="en"/>
    <property name="java.specification.vendor" value="Oracle Corporation"/>
    <property name="java.version.date" value="2025-04-15"/>
    <property name="java.home" value="/Users/filla/jdk21"/>
    <property name="file.separator" value="/"/>
    <property name="basedir" value="/Users/filla/learn/testngprogram"/>
    <property name="java.vm.compressedOopsMode" value="Zero based"/>
    <property name="line.separator" value="&#10;"/>
    <property name="java.vm.specification.vendor" value="Oracle Corporation"/>
    <property name="java.specification.name" value="Java Platform API Specification"/>
    <property name="apple.awt.application.name" value="Launcher"/>
    <property name="sun.management.compiler" value="HotSpot 64-Bit Tiered Compilers"/>
    <property name="ftp.nonProxyHosts" value="local|*.local|169.254/16|*.169.254/16"/>
    <property name="java.runtime.version" value="21.0.7+6-LTS"/>
    <property name="user.name" value="filla"/>
    <property name="stdout.encoding" value="UTF-8"/>
    <property name="path.separator" value=":"/>
    <property name="os.version" value="14.6.1"/>
    <property name="java.runtime.name" value="OpenJDK Runtime Environment"/>
    <property name="file.encoding" value="UTF-8"/>
    <property name="guice.disable.misplaced.annotation.check" value="true"/>
    <property name="java.vm.name" value="OpenJDK 64-Bit Server VM"/>
    <property name="java.vendor.version" value="Microsoft-11369939"/>
    <property name="localRepository" value="/Users/filla/.m2/repository"/>
    <property name="java.vendor.url.bug" value="https://github.com/microsoft/openjdk/issues"/>
    <property name="java.io.tmpdir" value="/var/folders/sz/55d2p8_12pb34m5j_tg3wp7c0000gq/T/"/>
    <property name="java.version" value="21.0.7"/>
    <property name="user.dir" value="/Users/filla/learn/testngprogram"/>
    <property name="os.arch" value="aarch64"/>
    <property name="maven.multiModuleProjectDirectory" value="/Users/filla/learn/testngprogram"/>
    <property name="java.vm.specification.name" value="Java Virtual Machine Specification"/>
    <property name="native.encoding" value="UTF-8"/>
    <property name="java.library.path" value="/Users/filla/Library/Java/Extensions:/Library/Java/Extensions:/Network/Library/Java/Extensions:/System/Library/Java/Extensions:/usr/lib/java:."/>
    <property name="java.vm.info" value="mixed mode, sharing"/>
    <property name="stderr.encoding" value="UTF-8"/>
    <property name="java.vendor" value="Microsoft"/>
    <property name="java.vm.version" value="21.0.7+6-LTS"/>
    <property name="classworlds.conf" value="/Users/filla/mvn3/bin/m2.conf"/>
    <property name="sun.io.unicode.encoding" value="UnicodeBig"/>
    <property name="library.jansi.path" value="/Users/filla/mvn3/lib/jansi-native"/>
    <property name="socksNonProxyHosts" value="local|*.local|169.254/16|*.169.254/16"/>
    <property name="java.class.version" value="65.0"/>
  </properties>
  <testcase name="testMethod" classname="testng.AssertTest" time="0.003">
    <system-out><![CDATA[Retrsying test flackyTest for the 1 time.
]]></system-out>
    <system-err><![CDATA[SLF4J(W): No SLF4J providers were found.
SLF4J(W): Defaulting to no-operation (NOP) logger implementation
SLF4J(W): See https://www.slf4j.org/codes.html#noProviders for further details.
]]></system-err>
  </testcase>
  <testcase name="testMethod[1234, active](1)" classname="testng.DataProviderTest" time="0.003">
    <system-out><![CDATA[Retrsying test flackyTest for the 1 time.
]]></system-out>
    <system-err><![CDATA[SLF4J(W): No SLF4J providers were found.
SLF4J(W): Defaulting to no-operation (NOP) logger implementation
SLF4J(W): See https://www.slf4j.org/codes.html#noProviders for further details.
]]></system-err>
  </testcase>
  <testcase name="testMethod[4567, inactive](2)" classname="testng.DataProviderTest" time="0.0">
    <system-out><![CDATA[Test method executed 4567 with status inactive
Running test 2
Retrsying test flackyTest for the 2 time.
]]></system-out>
  </testcase>
  <testcase name="testMethod[1255, active](3)" classname="testng.DataProviderTest" time="0.0">
    <system-out><![CDATA[Test method executed 1255 with status active
Running test 3
]]></system-out>
  </testcase>
  <testcase name="flackyTest" classname="testng.RetryTest" time="0.0">
    <skipped message="expected [true] but found [false]"/>
  </testcase>
  <testcase name="flackyTest" classname="testng.RetryTest" time="0.0">
    <skipped message="expected [true] but found [false]"/>
    <system-out><![CDATA[Test method executed 4567 with status inactive
Running test 2
Retrsying test flackyTest for the 2 time.
]]></system-out>
  </testcase>
  <testcase name="flackyTest" classname="testng.RetryTest" time="0.0">
    <system-out><![CDATA[Test method executed 1255 with status active
Running test 3
]]></system-out>
  </testcase>
  <testcase name="testMethod" classname="testng.SimpleTest" time="1.002"/>
  <testcase name="testMethod2" classname="testng.SimpleTest" time="2.011">
    <system-out><![CDATA[Running after each test method...
Running before each test method...
This is a simple test method.
Thread ID: 45 name: TestNG-test-SimpleRegression-5
]]></system-out>
  </testcase>
  <testcase name="testMethod3" classname="testng.SimpleTest" time="0.507">
    <system-out><![CDATA[Running after each test method...
Running before each test method...
This is a simple test method.
Thread ID: 45 name: TestNG-test-SimpleRegression-5
]]></system-out>
  </testcase>
</testsuite>