<?xml version="1.0" encoding="UTF-8"?>
<!-- Generated by org.testng.reporters.JUnitReportReporter -->
<testsuite hostname="TWXJ61Q6HR" failures="0" tests="1" name="testng.AssertTest" time="0.004" errors="0" timestamp="2025-05-08T21:50:56 WIB" skipped="0">
  <testcase classname="testng.AssertTest" name="testMethod" time="0.004"/>
</testsuite> <!-- testng.AssertTest -->
