<?xml version="1.0" encoding="UTF-8"?>
<!-- Generated by org.testng.reporters.JUnitReportReporter -->
<testsuite hostname="TWXJ61Q6HR" failures="0" tests="3" name="testng.SimpleTest" time="3.529" errors="0" timestamp="2025-05-08T21:50:56 WIB" skipped="0">
  <testcase classname="testng.SimpleTest" name="testMethod2" time="2.012"/>
  <testcase classname="testng.SimpleTest" name="testMethod" time="1.010"/>
  <testcase classname="testng.SimpleTest" name="testMethod3" time="0.507"/>
</testsuite> <!-- testng.SimpleTest -->
